# JRE version: Java(TM) SE Runtime Environment (8.0_111-b14) (build 1.8.0_111-b14)
# Java VM: Java HotSpot(TM) 64-Bit Server VM (25.111-b14 mixed mode windows-amd64 compressed oops)
Heap:
 PSYoungGen      total 265728K, used 259400K [0x00000000eb580000, 0x00000000fc080000, 0x0000000100000000)
  eden space 259072K, 100% used [0x00000000eb580000,0x00000000fb280000,0x00000000fb280000)
  from space 6656K, 4% used [0x00000000fba00000,0x00000000fba52300,0x00000000fc080000)
  to   space 7168K, 5% used [0x00000000fb280000,0x00000000fb2e5680,0x00000000fb980000)
 ParOldGen       total 42496K, used 12888K [0x00000000c2000000, 0x00000000c4980000, 0x00000000eb580000)
  object space 42496K, 30% used [0x00000000c2000000,0x00000000c2c962d0,0x00000000c4980000)
 Metaspace       used 17267K, capacity 18092K, committed 18432K, reserved 1064960K
  class space    used 2510K, capacity 2701K, committed 2816K, reserved 1048576K
GC Heap History (10 events):
Event: 10.574 GC heap after
Heap after GC invocations=11 (full 0):
 PSYoungGen      total 109056K, used 218K [0x00000000eb580000, 0x00000000f6380000, 0x0000000100000000)
  eden space 100864K, 0% used [0x00000000eb580000,0x00000000eb580000,0x00000000f1800000)
  from space 8192K, 2% used [0x00000000f1800000,0x00000000f1836828,0x00000000f2000000)
  to   space 8192K, 0% used [0x00000000f5b80000,0x00000000f5b80000,0x00000000f6380000)
 ParOldGen       total 42496K, used 12629K [0x00000000c2000000, 0x00000000c4980000, 0x00000000eb580000)
  object space 42496K, 29% used [0x00000000c2000000,0x00000000c2c55640,0x00000000c4980000)
 Metaspace       used 17237K, capacity 18092K, committed 18432K, reserved 1064960K
  class space    used 2510K, capacity 2701K, committed 2816K, reserved 1048576K
}
Event: 10.747 GC heap before
{Heap before GC invocations=12 (full 0):
 PSYoungGen      total 109056K, used 101082K [0x00000000eb580000, 0x00000000f6380000, 0x0000000100000000)
  eden space 100864K, 100% used [0x00000000eb580000,0x00000000f1800000,0x00000000f1800000)
  from space 8192K, 2% used [0x00000000f1800000,0x00000000f1836828,0x00000000f2000000)
  to   space 8192K, 0% used [0x00000000f5b80000,0x00000000f5b80000,0x00000000f6380000)
 ParOldGen       total 42496K, used 12629K [0x00000000c2000000, 0x00000000c4980000, 0x00000000eb580000)
  object space 42496K, 29% used [0x00000000c2000000,0x00000000c2c55640,0x00000000c4980000)
 Metaspace       used 17238K, capacity 18092K, committed 18432K, reserved 1064960K
  class space    used 2510K, capacity 2701K, committed 2816K, reserved 1048576K
Event: 10.753 GC heap after
Heap after GC invocations=12 (full 0):
 PSYoungGen      total 169984K, used 266K [0x00000000eb580000, 0x00000000f6380000, 0x0000000100000000)
  eden space 161792K, 0% used [0x00000000eb580000,0x00000000eb580000,0x00000000f5380000)
  from space 8192K, 3% used [0x00000000f5b80000,0x00000000f5bc2b48,0x00000000f6380000)
  to   space 8192K, 0% used [0x00000000f5380000,0x00000000f5380000,0x00000000f5b80000)
 ParOldGen       total 42496K, used 12661K [0x00000000c2000000, 0x00000000c4980000, 0x00000000eb580000)
  object space 42496K, 29% used [0x00000000c2000000,0x00000000c2c5d640,0x00000000c4980000)
 Metaspace       used 17238K, capacity 18092K, committed 18432K, reserved 1064960K
  class space    used 2510K, capacity 2701K, committed 2816K, reserved 1048576K
}
Event: 11.146 GC heap before
{Heap before GC invocations=13 (full 0):
 PSYoungGen      total 169984K, used 162058K [0x00000000eb580000, 0x00000000f6380000, 0x0000000100000000)
  eden space 161792K, 100% used [0x00000000eb580000,0x00000000f5380000,0x00000000f5380000)
  from space 8192K, 3% used [0x00000000f5b80000,0x00000000f5bc2b48,0x00000000f6380000)
  to   space 8192K, 0% used [0x00000000f5380000,0x00000000f5380000,0x00000000f5b80000)
 ParOldGen       total 42496K, used 12661K [0x00000000c2000000, 0x00000000c4980000, 0x00000000eb580000)
  object space 42496K, 29% used [0x00000000c2000000,0x00000000c2c5d640,0x00000000c4980000)
 Metaspace       used 17251K, capacity 18092K, committed 18432K, reserved 1064960K
  class space    used 2510K, capacity 2701K, committed 2816K, reserved 1048576K
Event: 11.148 GC heap after
Heap after GC invocations=13 (full 0):
 PSYoungGen      total 169984K, used 288K [0x00000000eb580000, 0x00000000fc180000, 0x0000000100000000)
  eden space 161792K, 0% used [0x00000000eb580000,0x00000000eb580000,0x00000000f5380000)
  from space 8192K, 3% used [0x00000000f5380000,0x00000000f53c8110,0x00000000f5b80000)
  to   space 7680K, 0% used [0x00000000fba00000,0x00000000fba00000,0x00000000fc180000)
 ParOldGen       total 42496K, used 12685K [0x00000000c2000000, 0x00000000c4980000, 0x00000000eb580000)
  object space 42496K, 29% used [0x00000000c2000000,0x00000000c2c63640,0x00000000c4980000)
 Metaspace       used 17251K, capacity 18092K, committed 18432K, reserved 1064960K
  class space    used 2510K, capacity 2701K, committed 2816K, reserved 1048576K
}
Event: 11.523 GC heap before
{Heap before GC invocations=14 (full 0):
 PSYoungGen      total 169984K, used 162080K [0x00000000eb580000, 0x00000000fc180000, 0x0000000100000000)
  eden space 161792K, 100% used [0x00000000eb580000,0x00000000f5380000,0x00000000f5380000)
  from space 8192K, 3% used [0x00000000f5380000,0x00000000f53c8110,0x00000000f5b80000)
  to   space 7680K, 0% used [0x00000000fba00000,0x00000000fba00000,0x00000000fc180000)
 ParOldGen       total 42496K, used 12685K [0x00000000c2000000, 0x00000000c4980000, 0x00000000eb580000)
  object space 42496K, 29% used [0x00000000c2000000,0x00000000c2c63640,0x00000000c4980000)
 Metaspace       used 17259K, capacity 18092K, committed 18432K, reserved 1064960K
  class space    used 2510K, capacity 2701K, committed 2816K, reserved 1048576K
Event: 11.546 GC heap after
Heap after GC invocations=14 (full 0):
 PSYoungGen      total 265728K, used 778K [0x00000000eb580000, 0x00000000fc080000, 0x0000000100000000)
  eden space 259072K, 0% used [0x00000000eb580000,0x00000000eb580000,0x00000000fb280000)
  from space 6656K, 11% used [0x00000000fba00000,0x00000000fbac2910,0x00000000fc080000)
  to   space 7168K, 0% used [0x00000000fb280000,0x00000000fb280000,0x00000000fb980000)
 ParOldGen       total 42496K, used 12736K [0x00000000c2000000, 0x00000000c4980000, 0x00000000eb580000)
  object space 42496K, 29% used [0x00000000c2000000,0x00000000c2c701b0,0x00000000c4980000)
 Metaspace       used 17259K, capacity 18092K, committed 18432K, reserved 1064960K
  class space    used 2510K, capacity 2701K, committed 2816K, reserved 1048576K
}
Event: 15.816 GC heap before
{Heap before GC invocations=15 (full 0):
 PSYoungGen      total 265728K, used 259850K [0x00000000eb580000, 0x00000000fc080000, 0x0000000100000000)
  eden space 259072K, 100% used [0x00000000eb580000,0x00000000fb280000,0x00000000fb280000)
  from space 6656K, 11% used [0x00000000fba00000,0x00000000fbac2910,0x00000000fc080000)
  to   space 7168K, 0% used [0x00000000fb280000,0x00000000fb280000,0x00000000fb980000)
 ParOldGen       total 42496K, used 12736K [0x00000000c2000000, 0x00000000c4980000, 0x00000000eb580000)
  object space 42496K, 29% used [0x00000000c2000000,0x00000000c2c701b0,0x00000000c4980000)
 Metaspace       used 17267K, capacity 18092K, committed 18432K, reserved 1064960K
  class space    used 2510K, capacity 2701K, committed 2816K, reserved 1048576K
Event: 17.549 GC heap after
Heap after GC invocations=15 (full 0):
 PSYoungGen      total 266240K, used 302K [0x00000000eb580000, 0x00000000fc080000, 0x0000000100000000)
  eden space 259072K, 0% used [0x00000000eb580000,0x00000000eb580000,0x00000000fb280000)
  from space 7168K, 4% used [0x00000000fb280000,0x00000000fb2cba50,0x00000000fb980000)
  to   space 6656K, 0% used [0x00000000fba00000,0x00000000fba00000,0x00000000fc080000)
 ParOldGen       total 42496K, used 12768K [0x00000000c2000000, 0x00000000c4980000, 0x00000000eb580000)
  object space 42496K, 30% used [0x00000000c2000000,0x00000000c2c781b0,0x00000000c4980000)
 Metaspace       used 17267K, capacity 18092K, committed 18432K, reserved 1064960K
  class space    used 2510K, capacity 2701K, committed 2816K, reserved 1048576K
}
Event: 18.671 GC heap before
{Heap before GC invocations=16 (full 0):
 PSYoungGen      total 266240K, used 259374K [0x00000000eb580000, 0x00000000fc080000, 0x0000000100000000)
  eden space 259072K, 100% used [0x00000000eb580000,0x00000000fb280000,0x00000000fb280000)
  from space 7168K, 4% used [0x00000000fb280000,0x00000000fb2cba50,0x00000000fb980000)
  to   space 6656K, 0% used [0x00000000fba00000,0x00000000fba00000,0x00000000fc080000)
 ParOldGen       total 42496K, used 12768K [0x00000000c2000000, 0x00000000c4980000, 0x00000000eb580000)
  object space 42496K, 30% used [0x00000000c2000000,0x00000000c2c781b0,0x00000000c4980000)
 Metaspace       used 17267K, capacity 18092K, committed 18432K, reserved 1064960K
  class space    used 2510K, capacity 2701K, committed 2816K, reserved 1048576K

